<?xml version="1.0" encoding="UTF-8"?>
<testng-results ignored="0" total="1" passed="1" failed="0" skipped="0">
  <reporter-output>
  </reporter-output>
  <suite started-at="2022-12-19T07:17:20 GMT-05:00" name="Default suite" finished-at="2022-12-19T07:17:26 GMT-05:00" duration-ms="5748">
    <groups>
    </groups>
    <test started-at="2022-12-19T07:17:20 GMT-05:00" name="Default test" finished-at="2022-12-19T07:17:26 GMT-05:00" duration-ms="5748">
      <class name="CreateProspect">
        <test-method signature="createProsect()[pri:0, instance:CreateProspect@3d1cfad4]" started-at="2022-12-19T07:17:20 GMT-05:00" name="createProsect" finished-at="2022-12-19T07:17:26 GMT-05:00" duration-ms="5714" status="PASS">
          <reporter-output>
          </reporter-output>
        </test-method> <!-- createProsect -->
      </class> <!-- CreateProspect -->
    </test> <!-- Default test -->
  </suite> <!-- Default suite -->
</testng-results>
